[2018-11-01 22:25:29.540] [exthost1] [info] extension host started
[2018-11-01 22:25:30.291] [exthost1] [info] extension host started
[2018-11-01 22:25:30.326] [exthost1] [info] ExtensionService#_doActivateExtension vscode.debug-auto-launch {"startup":true,"activationEvent":"*"}
[2018-11-01 22:25:30.327] [exthost1] [info] ExtensionService#loadCommonJSModule c:\Users\userSecure\.codemix\engine\resources\app\extensions\debug-auto-launch\out\extension
[2018-11-01 22:25:30.365] [exthost1] [info] ExtensionService#_doActivateExtension vscode.emmet {"startup":true,"activationEvent":"*"}
[2018-11-01 22:25:30.365] [exthost1] [info] ExtensionService#loadCommonJSModule c:\Users\userSecure\.codemix\engine\resources\app\extensions\emmet\dist\extension
[2018-11-01 22:25:30.421] [exthost1] [info] ExtensionService#_doActivateExtension vscode.merge-conflict {"startup":true,"activationEvent":"*"}
[2018-11-01 22:25:30.421] [exthost1] [info] ExtensionService#loadCommonJSModule c:\Users\userSecure\.codemix\engine\resources\app\extensions\merge-conflict\out\extension
[2018-11-01 22:25:30.448] [exthost1] [info] ExtensionService#_doActivateExtension vscode.search-rg {"startup":true,"activationEvent":"*"}
[2018-11-01 22:25:30.448] [exthost1] [info] ExtensionService#loadCommonJSModule c:\Users\userSecure\.codemix\engine\resources\app\extensions\search-rg\out\extension
[2018-11-01 22:25:30.459] [exthost1] [info] ExtensionService#_doActivateExtension christian-kohler.path-intellisense {"startup":true,"activationEvent":"*"}
[2018-11-01 22:25:30.459] [exthost1] [info] ExtensionService#loadCommonJSModule C:\Users\userSecure\.vscode\extensions\christian-kohler.path-intellisense-1.4.2\out\src\extension
[2018-11-01 22:25:30.485] [exthost1] [info] ExtensionService#_doActivateExtension dbaeumer.vscode-eslint {"startup":true,"activationEvent":"*"}
[2018-11-01 22:25:30.485] [exthost1] [info] ExtensionService#loadCommonJSModule C:\Users\userSecure\.vscode\extensions\dbaeumer.vscode-eslint-1.4.10\client\out\extension
[2018-11-01 22:25:30.587] [exthost1] [info] ExtensionService#_doActivateExtension formulahendry.auto-close-tag {"startup":true,"activationEvent":"*"}
[2018-11-01 22:25:30.587] [exthost1] [info] ExtensionService#loadCommonJSModule C:\Users\userSecure\.vscode\extensions\formulahendry.auto-close-tag-0.5.6\out\src\extension
[2018-11-01 22:25:30.589] [exthost1] [info] ExtensionService#_doActivateExtension HookyQR.beautify {"startup":true,"activationEvent":"*"}
[2018-11-01 22:25:30.589] [exthost1] [info] ExtensionService#loadCommonJSModule C:\Users\userSecure\.vscode\extensions\hookyqr.beautify-1.3.0\extension
[2018-11-01 22:25:30.671] [exthost1] [info] ExtensionService#_doActivateExtension Zignd.html-css-class-completion {"startup":true,"activationEvent":"*"}
[2018-11-01 22:25:30.671] [exthost1] [info] ExtensionService#loadCommonJSModule C:\Users\userSecure\.vscode\extensions\zignd.html-css-class-completion-1.17.1\out\src\extension
[2018-11-01 22:25:32.056] [exthost1] [info] eager extensions activated
[2018-11-01 22:25:32.063] [exthost1] [info] ExtensionService#_doActivateExtension vscode.configuration-editing {"startup":false,"activationEvent":"onLanguage:jsonc"}
[2018-11-01 22:25:32.063] [exthost1] [info] ExtensionService#loadCommonJSModule c:\Users\userSecure\.codemix\engine\resources\app\extensions\configuration-editing\out\extension
[2018-11-01 22:25:32.086] [exthost1] [info] ExtensionService#_doActivateExtension vscode.json-language-features {"startup":false,"activationEvent":"onLanguage:jsonc"}
[2018-11-01 22:25:32.086] [exthost1] [info] ExtensionService#loadCommonJSModule c:\Users\userSecure\.codemix\engine\resources\app\extensions\json-language-features\client\dist\jsonMain
[2018-11-01 22:25:32.395] [exthost1] [info] ExtensionService#_doActivateExtension vscode.typescript-language-features {"startup":false,"activationEvent":"onLanguage:jsonc"}
[2018-11-01 22:25:32.395] [exthost1] [info] ExtensionService#loadCommonJSModule c:\Users\userSecure\.codemix\engine\resources\app\extensions\typescript-language-features\dist\extension
[2018-11-01 22:25:32.599] [exthost1] [info] ExtensionService#_doActivateExtension vscode.grunt {"startup":false,"activationEvent":"onCommand:workbench.action.tasks.runTask"}
[2018-11-01 22:25:32.599] [exthost1] [info] ExtensionService#loadCommonJSModule c:\Users\userSecure\.codemix\engine\resources\app\extensions\grunt\out\main
[2018-11-01 22:25:32.608] [exthost1] [info] ExtensionService#_doActivateExtension vscode.gulp {"startup":false,"activationEvent":"onCommand:workbench.action.tasks.runTask"}
[2018-11-01 22:25:32.608] [exthost1] [info] ExtensionService#loadCommonJSModule c:\Users\userSecure\.codemix\engine\resources\app\extensions\gulp\out\main
[2018-11-01 22:25:32.618] [exthost1] [info] ExtensionService#_doActivateExtension vscode.jake {"startup":false,"activationEvent":"onCommand:workbench.action.tasks.runTask"}
[2018-11-01 22:25:32.618] [exthost1] [info] ExtensionService#loadCommonJSModule c:\Users\userSecure\.codemix\engine\resources\app\extensions\jake\out\main
[2018-11-01 22:25:32.627] [exthost1] [info] ExtensionService#_doActivateExtension vscode.npm {"startup":false,"activationEvent":"onCommand:workbench.action.tasks.runTask"}
[2018-11-01 22:25:32.627] [exthost1] [info] ExtensionService#loadCommonJSModule c:\Users\userSecure\.codemix\engine\resources\app\extensions\npm\out\main
[2018-11-01 22:25:36.260] [exthost1] [info] extension host started
[2018-11-01 22:25:37.020] [exthost1] [info] extension host started
[2018-11-01 22:25:37.048] [exthost1] [info] ExtensionService#_doActivateExtension vscode.debug-auto-launch {"startup":true,"activationEvent":"*"}
[2018-11-01 22:25:37.048] [exthost1] [info] ExtensionService#loadCommonJSModule c:\Users\userSecure\.codemix\engine\resources\app\extensions\debug-auto-launch\out\extension
[2018-11-01 22:25:37.056] [exthost1] [info] ExtensionService#_doActivateExtension vscode.emmet {"startup":true,"activationEvent":"*"}
[2018-11-01 22:25:37.057] [exthost1] [info] ExtensionService#loadCommonJSModule c:\Users\userSecure\.codemix\engine\resources\app\extensions\emmet\dist\extension
[2018-11-01 22:25:37.133] [exthost1] [info] ExtensionService#_doActivateExtension vscode.merge-conflict {"startup":true,"activationEvent":"*"}
[2018-11-01 22:25:37.133] [exthost1] [info] ExtensionService#loadCommonJSModule c:\Users\userSecure\.codemix\engine\resources\app\extensions\merge-conflict\out\extension
[2018-11-01 22:25:37.167] [exthost1] [info] ExtensionService#_doActivateExtension vscode.search-rg {"startup":true,"activationEvent":"*"}
[2018-11-01 22:25:37.167] [exthost1] [info] ExtensionService#loadCommonJSModule c:\Users\userSecure\.codemix\engine\resources\app\extensions\search-rg\out\extension
[2018-11-01 22:25:37.175] [exthost1] [info] ExtensionService#_doActivateExtension christian-kohler.path-intellisense {"startup":true,"activationEvent":"*"}
[2018-11-01 22:25:37.176] [exthost1] [info] ExtensionService#loadCommonJSModule C:\Users\userSecure\.vscode\extensions\christian-kohler.path-intellisense-1.4.2\out\src\extension
[2018-11-01 22:25:37.191] [exthost1] [info] ExtensionService#_doActivateExtension dbaeumer.vscode-eslint {"startup":true,"activationEvent":"*"}
[2018-11-01 22:25:37.191] [exthost1] [info] ExtensionService#loadCommonJSModule C:\Users\userSecure\.vscode\extensions\dbaeumer.vscode-eslint-1.4.10\client\out\extension
[2018-11-01 22:25:37.261] [exthost1] [info] ExtensionService#_doActivateExtension formulahendry.auto-close-tag {"startup":true,"activationEvent":"*"}
[2018-11-01 22:25:37.261] [exthost1] [info] ExtensionService#loadCommonJSModule C:\Users\userSecure\.vscode\extensions\formulahendry.auto-close-tag-0.5.6\out\src\extension
[2018-11-01 22:25:37.263] [exthost1] [info] ExtensionService#_doActivateExtension HookyQR.beautify {"startup":true,"activationEvent":"*"}
[2018-11-01 22:25:37.263] [exthost1] [info] ExtensionService#loadCommonJSModule C:\Users\userSecure\.vscode\extensions\hookyqr.beautify-1.3.0\extension
[2018-11-01 22:25:37.318] [exthost1] [info] ExtensionService#_doActivateExtension Zignd.html-css-class-completion {"startup":true,"activationEvent":"*"}
[2018-11-01 22:25:37.318] [exthost1] [info] ExtensionService#loadCommonJSModule C:\Users\userSecure\.vscode\extensions\zignd.html-css-class-completion-1.17.1\out\src\extension
[2018-11-01 22:25:38.272] [exthost1] [info] eager extensions activated
[2018-11-01 22:25:38.273] [exthost1] [info] ExtensionService#_doActivateExtension vscode.configuration-editing {"startup":false,"activationEvent":"onLanguage:jsonc"}
[2018-11-01 22:25:38.273] [exthost1] [info] ExtensionService#loadCommonJSModule c:\Users\userSecure\.codemix\engine\resources\app\extensions\configuration-editing\out\extension
[2018-11-01 22:25:38.307] [exthost1] [info] ExtensionService#_doActivateExtension vscode.json-language-features {"startup":false,"activationEvent":"onLanguage:jsonc"}
[2018-11-01 22:25:38.307] [exthost1] [info] ExtensionService#loadCommonJSModule c:\Users\userSecure\.codemix\engine\resources\app\extensions\json-language-features\client\dist\jsonMain
[2018-11-01 22:25:38.441] [exthost1] [info] ExtensionService#_doActivateExtension vscode.typescript-language-features {"startup":false,"activationEvent":"onLanguage:jsonc"}
[2018-11-01 22:25:38.441] [exthost1] [info] ExtensionService#loadCommonJSModule c:\Users\userSecure\.codemix\engine\resources\app\extensions\typescript-language-features\dist\extension
[2018-11-01 22:25:38.600] [exthost1] [info] ExtensionService#_doActivateExtension vscode.grunt {"startup":false,"activationEvent":"onCommand:workbench.action.tasks.runTask"}
[2018-11-01 22:25:38.600] [exthost1] [info] ExtensionService#loadCommonJSModule c:\Users\userSecure\.codemix\engine\resources\app\extensions\grunt\out\main
[2018-11-01 22:25:38.605] [exthost1] [info] ExtensionService#_doActivateExtension vscode.gulp {"startup":false,"activationEvent":"onCommand:workbench.action.tasks.runTask"}
[2018-11-01 22:25:38.605] [exthost1] [info] ExtensionService#loadCommonJSModule c:\Users\userSecure\.codemix\engine\resources\app\extensions\gulp\out\main
[2018-11-01 22:25:38.612] [exthost1] [info] ExtensionService#_doActivateExtension vscode.jake {"startup":false,"activationEvent":"onCommand:workbench.action.tasks.runTask"}
[2018-11-01 22:25:38.612] [exthost1] [info] ExtensionService#loadCommonJSModule c:\Users\userSecure\.codemix\engine\resources\app\extensions\jake\out\main
[2018-11-01 22:25:38.620] [exthost1] [info] ExtensionService#_doActivateExtension vscode.npm {"startup":false,"activationEvent":"onCommand:workbench.action.tasks.runTask"}
[2018-11-01 22:25:38.620] [exthost1] [info] ExtensionService#loadCommonJSModule c:\Users\userSecure\.codemix\engine\resources\app\extensions\npm\out\main
