[2018-11-01 22:25:29.115] [sharedprocess] [info] main {"machineId":"f832c3d9-fe0f-4c2c-9388-8ce62868c86c"}
[2018-11-01 22:25:29.207] [sharedprocess] [info] Scanned user extensions: 21
[2018-11-01 22:25:29.341] [sharedprocess] [info] Scanned system extensions: 72
[2018-11-01 22:25:29.506] [sharedprocess] [info] Scanned user extensions: 21
[2018-11-01 22:25:29.527] [sharedprocess] [info] Scanned user extensions: 21
[2018-11-01 22:25:29.624] [sharedprocess] [info] Scanned user extensions: 21
[2018-11-01 22:25:29.641] [sharedprocess] [info] Scanned system extensions: 72
[2018-11-01 22:25:29.675] [sharedprocess] [info] Scanned system extensions: 72
[2018-11-01 22:25:30.288] [sharedprocess] [info] Scanned user extensions: 21
[2018-11-01 22:25:31.227] [sharedprocess] [info] Scanned user extensions: 21
[2018-11-01 22:25:31.247] [sharedprocess] [info] Scanned user extensions: 21
[2018-11-01 22:25:31.248] [sharedprocess] [info] Installing the extension: christian-kohler.npm-intellisense-1.3.0
[2018-11-01 22:25:31.285] [sharedprocess] [info] Scanned user extensions: 21
[2018-11-01 22:25:31.313] [sharedprocess] [info] Scanned system extensions: 72
[2018-11-01 22:25:31.414] [sharedprocess] [info] Extracted extension to C:\Users\userSecure\.vscode\extensions\.christian-kohler.npm-intellisense-1.3.0: christian-kohler.npm-intellisense-1.3.0
[2018-11-01 22:25:31.415] [sharedprocess] [info] Renamed to C:\Users\userSecure\.vscode\extensions\christian-kohler.npm-intellisense-1.3.0
[2018-11-01 22:25:31.415] [sharedprocess] [info] Installation completed. christian-kohler.npm-intellisense-1.3.0
[2018-11-01 22:25:31.417] [sharedprocess] [info] Successfully installed the extension: christian-kohler.npm-intellisense-1.3.0
[2018-11-01 22:25:31.436] [sharedprocess] [info] Scanned user extensions: 21
[2018-11-01 22:25:31.487] [sharedprocess] [info] Scanned user extensions: 21
[2018-11-01 22:25:31.582] [sharedprocess] [info] Scanned system extensions: 72
[2018-11-01 22:25:31.604] [sharedprocess] [info] Scanned user extensions: 21
[2018-11-01 22:25:31.644] [sharedprocess] [info] Scanned system extensions: 72
[2018-11-01 22:25:34.829] [sharedprocess] [info] Scanned user extensions: 21
[2018-11-01 22:25:34.830] [sharedprocess] [info] Scanned user extensions: 21
[2018-11-01 22:25:34.846] [sharedprocess] [info] Scanned system extensions: 72
[2018-11-01 22:25:35.638] [sharedprocess] [info] Scanned user extensions: 21
[2018-11-01 22:25:35.679] [sharedprocess] [info] Scanned system extensions: 72
[2018-11-01 22:25:37.924] [sharedprocess] [info] Scanned user extensions: 21
[2018-11-01 22:26:09.122] [sharedprocess] [info] Starting to clean up unused language packs.
[2018-11-01 22:30:38.001] [sharedprocess] [info] Scanned user extensions: 21
[2018-11-01 22:35:38.045] [sharedprocess] [info] Scanned user extensions: 21
[2018-11-01 22:40:38.091] [sharedprocess] [info] Scanned user extensions: 21
[2018-11-01 22:45:38.133] [sharedprocess] [info] Scanned user extensions: 21
[2018-11-01 22:50:38.184] [sharedprocess] [info] Scanned user extensions: 21
[2018-11-01 22:55:38.233] [sharedprocess] [info] Scanned user extensions: 21
